<?xml version="1.0" encoding="UTF-8"?>
<!-- Generated by org.testng.reporters.JUnitReportReporter -->
<testsuite hostname="DESKTOP-GUJ8LJD" failures="0" tests="2" name="testpkg.Jiomarttest" time="19.708" errors="0" timestamp="2024-04-06T05:40:35 GMT-07:00" skipped="0">
  <testcase classname="testpkg.Jiomarttest" name="search" time="4.052"/>
  <testcase classname="testpkg.Jiomarttest" name="addbutton" time="15.656"/>
</testsuite> <!-- testpkg.Jiomarttest -->
